<?xml version="1.0" encoding="UTF-8"?>
<testng-results skipped="0" failed="0" ignored="0" total="1" passed="1">
  <reporter-output>
  </reporter-output>
  <suite name="Default suite" duration-ms="34348" started-at="2020-10-26T12:11:33Z" finished-at="2020-10-26T12:12:08Z">
    <groups>
      <group name="cucumber">
        <method signature="TestRunner.feature(cucumber.api.testng.CucumberFeatureWrapper)[pri:0, instance:com.qa.runner.TestRunner@1fa3a9d]" name="feature" class="com.qa.runner.TestRunner"/>
      </group> <!-- cucumber -->
    </groups>
    <test name="Default test" duration-ms="34348" started-at="2020-10-26T12:11:33Z" finished-at="2020-10-26T12:12:08Z">
      <class name="com.qa.runner.TestRunner">
        <test-method status="PASS" signature="setUp()[pri:0, instance:com.qa.runner.TestRunner@1fa3a9d]" name="setUp" is-config="true" duration-ms="375" started-at="2020-10-26T12:11:33Z" finished-at="2020-10-26T12:11:34Z">
          <reporter-output>
          </reporter-output>
        </test-method> <!-- setUp -->
        <test-method status="PASS" signature="feature(cucumber.api.testng.CucumberFeatureWrapper)[pri:0, instance:com.qa.runner.TestRunner@1fa3a9d]" name="feature" duration-ms="33814" started-at="2020-10-26T12:11:34Z" description="Runs Cucumber Feature" data-provider="features" finished-at="2020-10-26T12:12:08Z">
          <params>
            <param index="0">
              <value>
                <![CDATA[Free CRM Login Feature]]>
              </value>
            </param>
          </params>
          <reporter-output>
          </reporter-output>
        </test-method> <!-- feature -->
        <test-method status="PASS" signature="tearDownClass()[pri:0, instance:com.qa.runner.TestRunner@1fa3a9d]" name="tearDownClass" is-config="true" duration-ms="20" started-at="2020-10-26T12:12:08Z" finished-at="2020-10-26T12:12:08Z">
          <reporter-output>
          </reporter-output>
        </test-method> <!-- tearDownClass -->
      </class> <!-- com.qa.runner.TestRunner -->
    </test> <!-- Default test -->
  </suite> <!-- Default suite -->
</testng-results>
